Using pre-set license
Built from '2020.3/release' branch; Version is '2020.3.12f1 (b3b2c6512326) revision 11776710'; Using compiler version '192528614'; Build Type 'Release'
OS: 'Windows 10 Home Single Language; OS build 19042.1165; Version 2009; 64bit' Language: 'en' Physical Memory: 7117 MB
BatchMode: 1, IsHumanControllingUs: 0, StartBugReporterOnCrash: 0, Is64bit: 1, IsPro: 0

 COMMAND LINE ARGUMENTS:
C:\Program Files\Unity\Hub\Editor\2020.3.12f1\Editor\Unity.exe
-adb2
-batchMode
-noUpm
-name
AssetImportWorker0
-projectPath
C:/Unity/2D-Endless-Runner
-logFile
Logs/AssetImportWorker0.log
-srvPort
51325
Successfully changed project path to: C:/Unity/2D-Endless-Runner
C:/Unity/2D-Endless-Runner
Using Asset Import Pipeline V2.
Refreshing native plugins compatible for Editor in 125.95 ms, found 2 plugins.
Preloading 0 native plugins for Editor in 0.00 ms.
Initialize engine version: 2020.3.12f1 (b3b2c6512326)
[Subsystems] Discovering subsystems at path C:/Program Files/Unity/Hub/Editor/2020.3.12f1/Editor/Data/Resources/UnitySubsystems
[Subsystems] Discovering subsystems at path C:/Unity/2D-Endless-Runner/Assets
GfxDevice: creating device client; threaded=0
Direct3D:
    Version:  Direct3D 11.0 [level 11.1]
    Renderer: AMD Radeon(TM) Vega 8 Mobile Graphics (ID=0x15dd)
    Vendor:   
    VRAM:     3558 MB
    Driver:   27.20.1032.2
Initialize mono
Mono path[0] = 'C:/Program Files/Unity/Hub/Editor/2020.3.12f1/Editor/Data/Managed'
Mono path[1] = 'C:/Program Files/Unity/Hub/Editor/2020.3.12f1/Editor/Data/MonoBleedingEdge/lib/mono/unityjit'
Mono config path = 'C:/Program Files/Unity/Hub/Editor/2020.3.12f1/Editor/Data/MonoBleedingEdge/etc'
Using monoOptions --debugger-agent=transport=dt_socket,embedding=1,server=y,suspend=n,address=127.0.0.1:56952
Begin MonoManager ReloadAssembly
Registering precompiled unity dll's ...
Register platform support module: C:/Program Files/Unity/Hub/Editor/2020.3.12f1/Editor/Data/PlaybackEngines/WebGLSupport/UnityEditor.WebGL.Extensions.dll
Register platform support module: C:/Program Files/Unity/Hub/Editor/2020.3.12f1/Editor/Data/PlaybackEngines/WindowsStandaloneSupport/UnityEditor.WindowsStandalone.Extensions.dll
Registered in 0.009730 seconds.
Native extension for WindowsStandalone target not found
Native extension for WebGL target not found
Refreshing native plugins compatible for Editor in 96.36 ms, found 2 plugins.
Preloading 0 native plugins for Editor in 0.00 ms.
Mono: successfully reloaded assembly
- Completed reload, in  6.065 seconds
Platform modules already initialized, skipping
Registering precompiled user dll's ...
Registered in 0.022976 seconds.
Begin MonoManager ReloadAssembly
Native extension for WindowsStandalone target not found
Native extension for WebGL target not found
Refreshing native plugins compatible for Editor in 1.14 ms, found 2 plugins.
Preloading 0 native plugins for Editor in 0.00 ms.
Mono: successfully reloaded assembly
- Completed reload, in  2.722 seconds
Platform modules already initialized, skipping
========================================================================
Worker process is ready to serve import requests
Launched and connected shader compiler UnityShaderCompiler.exe after 0.43 seconds
Refreshing native plugins compatible for Editor in 1.27 ms, found 2 plugins.
Preloading 0 native plugins for Editor in 0.00 ms.
Unloading 1949 Unused Serialized files (Serialized files now loaded: 0)
System memory in use before: 80.4 MB.
System memory in use after: 80.4 MB.

Unloading 58 unused Assets to reduce memory usage. Loaded Objects now: 2354.
Total: 10.058000 ms (FindLiveObjects: 0.400700 ms CreateObjectMapping: 0.120300 ms MarkObjects: 9.381700 ms  DeleteObjects: 0.152200 ms)

AssetImportParameters requested are different than current active one (requested -> active):
  custom:framework-win-MediaFoundation: 216162199b28c13a410421893ffa2e32 -> 
  custom:video-decoder-ogg-theora: a1e56fd34408186e4bbccfd4996cb3dc -> 
  custom:container-muxer-webm: aa71ff27fc2769a1b78a27578f13a17b -> 
  custom:container-demuxer-webm: 4f35f7cbe854078d1ac9338744f61a02 -> 
  custom:container-demuxer-ogg: 62fdf1f143b41e24485cea50d1cbac27 -> 
  custom:video-encoder-webm-vp8: eb34c28f22e8b96e1ab97ce403110664 -> 
  custom:video-decoder-webm-vp8: 9c59270c3fd7afecdb556c50c9e8de78 -> 
  custom:audio-decoder-ogg-vorbis: bf7c407c2cedff20999df2af8eb42d56 -> 
  custom:audio-encoder-webm-vorbis: bf7c407c2cedff20999df2af8eb42d56 -> 
========================================================================
Received Import Request.
  path: Assets/Prefab/Ground Template 2.prefab
  artifactKey: Guid(a4138a41c25b4c743acb8c5d13b688d7) Importer(815301076,1909f56bfc062723c751e8b465ee728b)
Start importing Assets/Prefab/Ground Template 2.prefab using Guid(a4138a41c25b4c743acb8c5d13b688d7) Importer(815301076,1909f56bfc062723c751e8b465ee728b)  -> (artifact id: '1e09b28e4ff925ea8e926c9b65e262cd') in 0.252206 seconds 
  Import took 0.352183 seconds .

========================================================================
Received Import Request.
  Time since last request: 7.628388 seconds.
  path: Assets/Prefab/Ground Template 1.prefab
  artifactKey: Guid(1577afca6f6504c4d8c9bde41e82ee2b) Importer(815301076,1909f56bfc062723c751e8b465ee728b)
Start importing Assets/Prefab/Ground Template 1.prefab using Guid(1577afca6f6504c4d8c9bde41e82ee2b) Importer(815301076,1909f56bfc062723c751e8b465ee728b)  -> (artifact id: '14e5b36e4edae8d6730dc174a465449f') in 0.032865 seconds 
  Import took 0.041424 seconds .

========================================================================
Received Import Request.
  Time since last request: 1.132179 seconds.
  path: Assets/Prefab/Ground Template 1.prefab
  artifactKey: Guid(1577afca6f6504c4d8c9bde41e82ee2b) Importer(815301076,1909f56bfc062723c751e8b465ee728b)
Start importing Assets/Prefab/Ground Template 1.prefab using Guid(1577afca6f6504c4d8c9bde41e82ee2b) Importer(815301076,1909f56bfc062723c751e8b465ee728b)  -> (artifact id: '96c0e0cd313fc9d2a252efb146f47a8d') in 0.026561 seconds 
  Import took 0.098472 seconds .

========================================================================
Received Import Request.
  Time since last request: 1.983309 seconds.
  path: Assets/Prefab/Ground Template 1.prefab
  artifactKey: Guid(1577afca6f6504c4d8c9bde41e82ee2b) Importer(815301076,1909f56bfc062723c751e8b465ee728b)
Start importing Assets/Prefab/Ground Template 1.prefab using Guid(1577afca6f6504c4d8c9bde41e82ee2b) Importer(815301076,1909f56bfc062723c751e8b465ee728b)  -> (artifact id: '4c8789433f50ff81835af57a91e574cc') in 0.029876 seconds 
  Import took 0.037618 seconds .

========================================================================
Received Import Request.
  Time since last request: 6.141677 seconds.
  path: Assets/Prefab/Ground Template 3.prefab
  artifactKey: Guid(12354b902dc7dbd4f9155efb349075e8) Importer(815301076,1909f56bfc062723c751e8b465ee728b)
Start importing Assets/Prefab/Ground Template 3.prefab using Guid(12354b902dc7dbd4f9155efb349075e8) Importer(815301076,1909f56bfc062723c751e8b465ee728b)  -> (artifact id: 'b402e8069c1416303ac66f6747481cad') in 0.026381 seconds 
  Import took 0.077778 seconds .

========================================================================
Received Import Request.
  Time since last request: 26.159820 seconds.
  path: Assets/Prefab/Ground Template 1.prefab
  artifactKey: Guid(1577afca6f6504c4d8c9bde41e82ee2b) Importer(815301076,1909f56bfc062723c751e8b465ee728b)
Start importing Assets/Prefab/Ground Template 1.prefab using Guid(1577afca6f6504c4d8c9bde41e82ee2b) Importer(815301076,1909f56bfc062723c751e8b465ee728b)  -> (artifact id: 'ff1d55d85f0a05acde1ac3193699c6f5') in 0.029387 seconds 
  Import took 0.660498 seconds .

========================================================================
Received Import Request.
  Time since last request: 10.961252 seconds.
  path: Assets/Prefab/Ground Template 1.prefab
  artifactKey: Guid(1577afca6f6504c4d8c9bde41e82ee2b) Importer(815301076,1909f56bfc062723c751e8b465ee728b)
Start importing Assets/Prefab/Ground Template 1.prefab using Guid(1577afca6f6504c4d8c9bde41e82ee2b) Importer(815301076,1909f56bfc062723c751e8b465ee728b)  -> (artifact id: 'fed915717f90ceac6306b8c949b49918') in 0.030159 seconds 
  Import took 0.037691 seconds .

========================================================================
Received Import Request.
  Time since last request: 4.585393 seconds.
  path: Assets/Prefab/Ground Template 1.prefab
  artifactKey: Guid(1577afca6f6504c4d8c9bde41e82ee2b) Importer(815301076,1909f56bfc062723c751e8b465ee728b)
Start importing Assets/Prefab/Ground Template 1.prefab using Guid(1577afca6f6504c4d8c9bde41e82ee2b) Importer(815301076,1909f56bfc062723c751e8b465ee728b)  -> (artifact id: '8fafebffe284f81f48a509de267bb21d') in 0.027928 seconds 
  Import took 0.101956 seconds .

========================================================================
Received Prepare
Registering precompiled user dll's ...
Registered in 0.016650 seconds.
Begin MonoManager ReloadAssembly
Native extension for WindowsStandalone target not found
Native extension for WebGL target not found
Refreshing native plugins compatible for Editor in 2.13 ms, found 2 plugins.
Preloading 0 native plugins for Editor in 0.00 ms.
Mono: successfully reloaded assembly
- Completed reload, in  2.715 seconds
Platform modules already initialized, skipping
Refreshing native plugins compatible for Editor in 1.01 ms, found 2 plugins.
Preloading 0 native plugins for Editor in 0.00 ms.
Unloading 1943 Unused Serialized files (Serialized files now loaded: 0)
System memory in use before: 83.3 MB.
System memory in use after: 83.4 MB.

Unloading 49 unused Assets to reduce memory usage. Loaded Objects now: 2364.
Total: 11.238100 ms (FindLiveObjects: 0.299500 ms CreateObjectMapping: 0.079000 ms MarkObjects: 10.796200 ms  DeleteObjects: 0.060800 ms)

AssetImportParameters requested are different than current active one (requested -> active):
  custom:framework-win-MediaFoundation: 216162199b28c13a410421893ffa2e32 -> 
  custom:video-decoder-ogg-theora: a1e56fd34408186e4bbccfd4996cb3dc -> 
  custom:container-muxer-webm: aa71ff27fc2769a1b78a27578f13a17b -> 
  custom:container-demuxer-webm: 4f35f7cbe854078d1ac9338744f61a02 -> 
  custom:container-demuxer-ogg: 62fdf1f143b41e24485cea50d1cbac27 -> 
  custom:video-encoder-webm-vp8: eb34c28f22e8b96e1ab97ce403110664 -> 
  custom:video-decoder-webm-vp8: 9c59270c3fd7afecdb556c50c9e8de78 -> 
  custom:audio-decoder-ogg-vorbis: bf7c407c2cedff20999df2af8eb42d56 -> 
  custom:audio-encoder-webm-vorbis: bf7c407c2cedff20999df2af8eb42d56 -> 
========================================================================
Received Import Request.
  Time since last request: 306.034766 seconds.
  path: Assets/Scripts/TerrainTemplateController.cs
  artifactKey: Guid(1c55cd769b88a1648aa847102192356d) Importer(815301076,1909f56bfc062723c751e8b465ee728b)
Start importing Assets/Scripts/TerrainTemplateController.cs using Guid(1c55cd769b88a1648aa847102192356d) Importer(815301076,1909f56bfc062723c751e8b465ee728b)  -> (artifact id: '0c8543bb5590ca54f5454ff285605c3c') in 0.122991 seconds 
  Import took 0.218561 seconds .

========================================================================
Received Import Request.
  Time since last request: 0.000490 seconds.
  path: Assets/Scripts/TerrainGeneratorController.cs
  artifactKey: Guid(f618c2a75536c134792c491680c02a20) Importer(815301076,1909f56bfc062723c751e8b465ee728b)
Start importing Assets/Scripts/TerrainGeneratorController.cs using Guid(f618c2a75536c134792c491680c02a20) Importer(815301076,1909f56bfc062723c751e8b465ee728b)  -> (artifact id: '3756779610a516f228d0fe3ab55cb19a') in 0.010531 seconds 
  Import took 0.407622 seconds .

========================================================================
Received Prepare
Registering precompiled user dll's ...
Registered in 0.022612 seconds.
Begin MonoManager ReloadAssembly
Native extension for WindowsStandalone target not found
Native extension for WebGL target not found
Refreshing native plugins compatible for Editor in 1.05 ms, found 2 plugins.
Preloading 0 native plugins for Editor in 0.00 ms.
Mono: successfully reloaded assembly
- Completed reload, in  2.399 seconds
Platform modules already initialized, skipping
Refreshing native plugins compatible for Editor in 1.24 ms, found 2 plugins.
Preloading 0 native plugins for Editor in 0.00 ms.
Unloading 1943 Unused Serialized files (Serialized files now loaded: 0)
System memory in use before: 83.4 MB.
System memory in use after: 83.5 MB.

Unloading 49 unused Assets to reduce memory usage. Loaded Objects now: 2367.
Total: 9.557300 ms (FindLiveObjects: 0.398200 ms CreateObjectMapping: 0.094500 ms MarkObjects: 9.007300 ms  DeleteObjects: 0.054600 ms)

AssetImportParameters requested are different than current active one (requested -> active):
  custom:framework-win-MediaFoundation: 216162199b28c13a410421893ffa2e32 -> 
  custom:video-decoder-ogg-theora: a1e56fd34408186e4bbccfd4996cb3dc -> 
  custom:container-muxer-webm: aa71ff27fc2769a1b78a27578f13a17b -> 
  custom:container-demuxer-webm: 4f35f7cbe854078d1ac9338744f61a02 -> 
  custom:container-demuxer-ogg: 62fdf1f143b41e24485cea50d1cbac27 -> 
  custom:video-encoder-webm-vp8: eb34c28f22e8b96e1ab97ce403110664 -> 
  custom:video-decoder-webm-vp8: 9c59270c3fd7afecdb556c50c9e8de78 -> 
  custom:audio-decoder-ogg-vorbis: bf7c407c2cedff20999df2af8eb42d56 -> 
  custom:audio-encoder-webm-vorbis: bf7c407c2cedff20999df2af8eb42d56 -> 
========================================================================
Received Import Request.
  Time since last request: 199.055109 seconds.
  path: Assets/Prefab/Loyalty_Freak_Music_-_07_-_GIGA_METAL.mp3
  artifactKey: Guid(74361afaeed66e341b3b4a6a1b06df77) Importer(815301076,1909f56bfc062723c751e8b465ee728b)
Start importing Assets/Prefab/Loyalty_Freak_Music_-_07_-_GIGA_METAL.mp3 using Guid(74361afaeed66e341b3b4a6a1b06df77) Importer(815301076,1909f56bfc062723c751e8b465ee728b)  -> (artifact id: 'f6fc8c9da907adbbcb5711905fd9df79') in 1.014970 seconds 
  Import took 1.056064 seconds .

========================================================================
Received Prepare
Registering precompiled user dll's ...
Registered in 0.013521 seconds.
Begin MonoManager ReloadAssembly
Native extension for WindowsStandalone target not found
Native extension for WebGL target not found
Refreshing native plugins compatible for Editor in 0.93 ms, found 2 plugins.
Preloading 0 native plugins for Editor in 0.00 ms.
Mono: successfully reloaded assembly
- Completed reload, in  1.846 seconds
Platform modules already initialized, skipping
Refreshing native plugins compatible for Editor in 0.88 ms, found 2 plugins.
Preloading 0 native plugins for Editor in 0.00 ms.
Unloading 1943 Unused Serialized files (Serialized files now loaded: 0)
System memory in use before: 83.4 MB.
System memory in use after: 83.6 MB.

Unloading 49 unused Assets to reduce memory usage. Loaded Objects now: 2373.
Total: 9.782000 ms (FindLiveObjects: 0.319200 ms CreateObjectMapping: 0.094600 ms MarkObjects: 9.321300 ms  DeleteObjects: 0.044200 ms)

AssetImportParameters requested are different than current active one (requested -> active):
  custom:framework-win-MediaFoundation: 216162199b28c13a410421893ffa2e32 -> 
  custom:video-decoder-ogg-theora: a1e56fd34408186e4bbccfd4996cb3dc -> 
  custom:container-muxer-webm: aa71ff27fc2769a1b78a27578f13a17b -> 
  custom:container-demuxer-webm: 4f35f7cbe854078d1ac9338744f61a02 -> 
  custom:container-demuxer-ogg: 62fdf1f143b41e24485cea50d1cbac27 -> 
  custom:video-encoder-webm-vp8: eb34c28f22e8b96e1ab97ce403110664 -> 
  custom:video-decoder-webm-vp8: 9c59270c3fd7afecdb556c50c9e8de78 -> 
  custom:audio-decoder-ogg-vorbis: bf7c407c2cedff20999df2af8eb42d56 -> 
  custom:audio-encoder-webm-vorbis: bf7c407c2cedff20999df2af8eb42d56 -> 
========================================================================
Received Import Request.
  Time since last request: 210.540439 seconds.
  path: Assets/Scripts
  artifactKey: Guid(2bce89a1538cb6e48bd2b779bb1b7570) Importer(815301076,1909f56bfc062723c751e8b465ee728b)
Start importing Assets/Scripts using Guid(2bce89a1538cb6e48bd2b779bb1b7570) Importer(815301076,1909f56bfc062723c751e8b465ee728b)  -> (artifact id: '3171667c551aab0aa84b6edc32a264c8') in 0.019523 seconds 
  Import took 0.027029 seconds .

========================================================================
Received Import Request.
  Time since last request: 12.877145 seconds.
  path: Assets/Scripts/SlowTime.cs
  artifactKey: Guid(cac73bcce4d6eb349bb2f9351098c5a8) Importer(815301076,1909f56bfc062723c751e8b465ee728b)
Start importing Assets/Scripts/SlowTime.cs using Guid(cac73bcce4d6eb349bb2f9351098c5a8) Importer(815301076,1909f56bfc062723c751e8b465ee728b)  -> (artifact id: 'da184148da641ec8d827cdd7911dfffa') in 0.010588 seconds 
  Import took 0.055631 seconds .

========================================================================
Received Import Request.
  Time since last request: 1.925518 seconds.
  path: Assets/Scripts/ScoreController.cs
  artifactKey: Guid(5b8ce90b5fd0123428b68758b0ee60ee) Importer(815301076,1909f56bfc062723c751e8b465ee728b)
Start importing Assets/Scripts/ScoreController.cs using Guid(5b8ce90b5fd0123428b68758b0ee60ee) Importer(815301076,1909f56bfc062723c751e8b465ee728b)  -> (artifact id: '39b46be87b68841163f6bf7f5fc576bb') in 0.010793 seconds 
  Import took 0.068498 seconds .

========================================================================
Received Prepare
Registering precompiled user dll's ...
Registered in 0.013863 seconds.
Begin MonoManager ReloadAssembly
Native extension for WindowsStandalone target not found
Native extension for WebGL target not found
Refreshing native plugins compatible for Editor in 0.91 ms, found 2 plugins.
Preloading 0 native plugins for Editor in 0.00 ms.
Mono: successfully reloaded assembly
- Completed reload, in  2.364 seconds
Platform modules already initialized, skipping
Refreshing native plugins compatible for Editor in 0.95 ms, found 2 plugins.
Preloading 0 native plugins for Editor in 0.00 ms.
Unloading 1944 Unused Serialized files (Serialized files now loaded: 0)
System memory in use before: 83.5 MB.
System memory in use after: 83.6 MB.

Unloading 49 unused Assets to reduce memory usage. Loaded Objects now: 2377.
Total: 8.572100 ms (FindLiveObjects: 0.324500 ms CreateObjectMapping: 0.091300 ms MarkObjects: 8.105500 ms  DeleteObjects: 0.048000 ms)

AssetImportParameters requested are different than current active one (requested -> active):
  custom:framework-win-MediaFoundation: 216162199b28c13a410421893ffa2e32 -> 
  custom:video-decoder-ogg-theora: a1e56fd34408186e4bbccfd4996cb3dc -> 
  custom:container-muxer-webm: aa71ff27fc2769a1b78a27578f13a17b -> 
  custom:container-demuxer-webm: 4f35f7cbe854078d1ac9338744f61a02 -> 
  custom:container-demuxer-ogg: 62fdf1f143b41e24485cea50d1cbac27 -> 
  custom:video-encoder-webm-vp8: eb34c28f22e8b96e1ab97ce403110664 -> 
  custom:video-decoder-webm-vp8: 9c59270c3fd7afecdb556c50c9e8de78 -> 
  custom:audio-decoder-ogg-vorbis: bf7c407c2cedff20999df2af8eb42d56 -> 
  custom:audio-encoder-webm-vorbis: bf7c407c2cedff20999df2af8eb42d56 -> 
========================================================================
Received Prepare
Registering precompiled user dll's ...
Registered in 0.017341 seconds.
Begin MonoManager ReloadAssembly
Native extension for WindowsStandalone target not found
Native extension for WebGL target not found
Refreshing native plugins compatible for Editor in 1.53 ms, found 2 plugins.
Preloading 0 native plugins for Editor in 0.00 ms.
Mono: successfully reloaded assembly
- Completed reload, in  2.484 seconds
Platform modules already initialized, skipping
Refreshing native plugins compatible for Editor in 1.13 ms, found 2 plugins.
Preloading 0 native plugins for Editor in 0.00 ms.
Unloading 1944 Unused Serialized files (Serialized files now loaded: 0)
System memory in use before: 83.5 MB.
System memory in use after: 83.6 MB.

Unloading 49 unused Assets to reduce memory usage. Loaded Objects now: 2380.
Total: 13.294400 ms (FindLiveObjects: 0.336600 ms CreateObjectMapping: 0.101400 ms MarkObjects: 12.788500 ms  DeleteObjects: 0.065400 ms)

AssetImportParameters requested are different than current active one (requested -> active):
  custom:framework-win-MediaFoundation: 216162199b28c13a410421893ffa2e32 -> 
  custom:video-decoder-ogg-theora: a1e56fd34408186e4bbccfd4996cb3dc -> 
  custom:container-muxer-webm: aa71ff27fc2769a1b78a27578f13a17b -> 
  custom:container-demuxer-webm: 4f35f7cbe854078d1ac9338744f61a02 -> 
  custom:container-demuxer-ogg: 62fdf1f143b41e24485cea50d1cbac27 -> 
  custom:video-encoder-webm-vp8: eb34c28f22e8b96e1ab97ce403110664 -> 
  custom:video-decoder-webm-vp8: 9c59270c3fd7afecdb556c50c9e8de78 -> 
  custom:audio-decoder-ogg-vorbis: bf7c407c2cedff20999df2af8eb42d56 -> 
  custom:audio-encoder-webm-vorbis: bf7c407c2cedff20999df2af8eb42d56 -> 
========================================================================
Received Prepare
Registering precompiled user dll's ...
Registered in 0.024880 seconds.
Begin MonoManager ReloadAssembly
Native extension for WindowsStandalone target not found
Native extension for WebGL target not found
Refreshing native plugins compatible for Editor in 1.37 ms, found 2 plugins.
Preloading 0 native plugins for Editor in 0.00 ms.
Mono: successfully reloaded assembly
- Completed reload, in  2.363 seconds
Platform modules already initialized, skipping
Refreshing native plugins compatible for Editor in 1.72 ms, found 2 plugins.
Preloading 0 native plugins for Editor in 0.00 ms.
Unloading 1944 Unused Serialized files (Serialized files now loaded: 0)
System memory in use before: 83.5 MB.
System memory in use after: 83.6 MB.

Unloading 49 unused Assets to reduce memory usage. Loaded Objects now: 2383.
Total: 13.888500 ms (FindLiveObjects: 0.436500 ms CreateObjectMapping: 0.128000 ms MarkObjects: 13.253200 ms  DeleteObjects: 0.067400 ms)

AssetImportParameters requested are different than current active one (requested -> active):
  custom:framework-win-MediaFoundation: 216162199b28c13a410421893ffa2e32 -> 
  custom:video-decoder-ogg-theora: a1e56fd34408186e4bbccfd4996cb3dc -> 
  custom:container-muxer-webm: aa71ff27fc2769a1b78a27578f13a17b -> 
  custom:container-demuxer-webm: 4f35f7cbe854078d1ac9338744f61a02 -> 
  custom:container-demuxer-ogg: 62fdf1f143b41e24485cea50d1cbac27 -> 
  custom:video-encoder-webm-vp8: eb34c28f22e8b96e1ab97ce403110664 -> 
  custom:video-decoder-webm-vp8: 9c59270c3fd7afecdb556c50c9e8de78 -> 
  custom:audio-decoder-ogg-vorbis: bf7c407c2cedff20999df2af8eb42d56 -> 
  custom:audio-encoder-webm-vorbis: bf7c407c2cedff20999df2af8eb42d56 -> 
========================================================================
Received Import Request.
  Time since last request: 422.466124 seconds.
  path: Assets/Scripts/SlowTime.cs
  artifactKey: Guid(cac73bcce4d6eb349bb2f9351098c5a8) Importer(815301076,1909f56bfc062723c751e8b465ee728b)
Start importing Assets/Scripts/SlowTime.cs using Guid(cac73bcce4d6eb349bb2f9351098c5a8) Importer(815301076,1909f56bfc062723c751e8b465ee728b)  -> (artifact id: '891f8e7089ee884e0a60d647fa388daf') in 0.015072 seconds 
  Import took 0.653531 seconds .

========================================================================
Received Prepare
Registering precompiled user dll's ...
Registered in 0.019841 seconds.
Begin MonoManager ReloadAssembly
Native extension for WindowsStandalone target not found
Native extension for WebGL target not found
Refreshing native plugins compatible for Editor in 1.91 ms, found 2 plugins.
Preloading 0 native plugins for Editor in 0.00 ms.
Mono: successfully reloaded assembly
- Completed reload, in  2.193 seconds
Platform modules already initialized, skipping
Refreshing native plugins compatible for Editor in 1.79 ms, found 2 plugins.
Preloading 0 native plugins for Editor in 0.00 ms.
Unloading 1944 Unused Serialized files (Serialized files now loaded: 0)
System memory in use before: 83.5 MB.
System memory in use after: 83.6 MB.

Unloading 49 unused Assets to reduce memory usage. Loaded Objects now: 2386.
Total: 9.315500 ms (FindLiveObjects: 0.388700 ms CreateObjectMapping: 0.111000 ms MarkObjects: 8.763300 ms  DeleteObjects: 0.049400 ms)

AssetImportParameters requested are different than current active one (requested -> active):
  custom:framework-win-MediaFoundation: 216162199b28c13a410421893ffa2e32 -> 
  custom:video-decoder-ogg-theora: a1e56fd34408186e4bbccfd4996cb3dc -> 
  custom:container-muxer-webm: aa71ff27fc2769a1b78a27578f13a17b -> 
  custom:container-demuxer-webm: 4f35f7cbe854078d1ac9338744f61a02 -> 
  custom:container-demuxer-ogg: 62fdf1f143b41e24485cea50d1cbac27 -> 
  custom:video-encoder-webm-vp8: eb34c28f22e8b96e1ab97ce403110664 -> 
  custom:video-decoder-webm-vp8: 9c59270c3fd7afecdb556c50c9e8de78 -> 
  custom:audio-decoder-ogg-vorbis: bf7c407c2cedff20999df2af8eb42d56 -> 
  custom:audio-encoder-webm-vorbis: bf7c407c2cedff20999df2af8eb42d56 -> 
========================================================================
Received Prepare
Registering precompiled user dll's ...
Registered in 0.803065 seconds.
Begin MonoManager ReloadAssembly
Native extension for WindowsStandalone target not found
Native extension for WebGL target not found
Refreshing native plugins compatible for Editor in 1.18 ms, found 2 plugins.
Preloading 0 native plugins for Editor in 0.00 ms.
Mono: successfully reloaded assembly
- Completed reload, in  2.334 seconds
Platform modules already initialized, skipping
Refreshing native plugins compatible for Editor in 0.97 ms, found 2 plugins.
Preloading 0 native plugins for Editor in 0.00 ms.
Unloading 1944 Unused Serialized files (Serialized files now loaded: 0)
System memory in use before: 83.5 MB.
System memory in use after: 83.6 MB.

Unloading 49 unused Assets to reduce memory usage. Loaded Objects now: 2389.
Total: 13.150000 ms (FindLiveObjects: 0.351500 ms CreateObjectMapping: 0.097700 ms MarkObjects: 12.631700 ms  DeleteObjects: 0.066200 ms)

AssetImportParameters requested are different than current active one (requested -> active):
  custom:framework-win-MediaFoundation: 216162199b28c13a410421893ffa2e32 -> 
  custom:video-decoder-ogg-theora: a1e56fd34408186e4bbccfd4996cb3dc -> 
  custom:container-muxer-webm: aa71ff27fc2769a1b78a27578f13a17b -> 
  custom:container-demuxer-webm: 4f35f7cbe854078d1ac9338744f61a02 -> 
  custom:container-demuxer-ogg: 62fdf1f143b41e24485cea50d1cbac27 -> 
  custom:video-encoder-webm-vp8: eb34c28f22e8b96e1ab97ce403110664 -> 
  custom:video-decoder-webm-vp8: 9c59270c3fd7afecdb556c50c9e8de78 -> 
  custom:audio-decoder-ogg-vorbis: bf7c407c2cedff20999df2af8eb42d56 -> 
  custom:audio-encoder-webm-vorbis: bf7c407c2cedff20999df2af8eb42d56 -> 
========================================================================
Received Prepare
Registering precompiled user dll's ...
Registered in 0.023145 seconds.
Begin MonoManager ReloadAssembly
Native extension for WindowsStandalone target not found
Native extension for WebGL target not found
Refreshing native plugins compatible for Editor in 1.71 ms, found 2 plugins.
Preloading 0 native plugins for Editor in 0.00 ms.
Mono: successfully reloaded assembly
- Completed reload, in  2.343 seconds
Platform modules already initialized, skipping
Refreshing native plugins compatible for Editor in 1.50 ms, found 2 plugins.
Preloading 0 native plugins for Editor in 0.00 ms.
Unloading 1944 Unused Serialized files (Serialized files now loaded: 0)
System memory in use before: 83.5 MB.
System memory in use after: 83.6 MB.

Unloading 49 unused Assets to reduce memory usage. Loaded Objects now: 2392.
Total: 13.152100 ms (FindLiveObjects: 0.462200 ms CreateObjectMapping: 0.139300 ms MarkObjects: 12.473200 ms  DeleteObjects: 0.073800 ms)

AssetImportParameters requested are different than current active one (requested -> active):
  custom:framework-win-MediaFoundation: 216162199b28c13a410421893ffa2e32 -> 
  custom:video-decoder-ogg-theora: a1e56fd34408186e4bbccfd4996cb3dc -> 
  custom:container-muxer-webm: aa71ff27fc2769a1b78a27578f13a17b -> 
  custom:container-demuxer-webm: 4f35f7cbe854078d1ac9338744f61a02 -> 
  custom:container-demuxer-ogg: 62fdf1f143b41e24485cea50d1cbac27 -> 
  custom:video-encoder-webm-vp8: eb34c28f22e8b96e1ab97ce403110664 -> 
  custom:video-decoder-webm-vp8: 9c59270c3fd7afecdb556c50c9e8de78 -> 
  custom:audio-decoder-ogg-vorbis: bf7c407c2cedff20999df2af8eb42d56 -> 
  custom:audio-encoder-webm-vorbis: bf7c407c2cedff20999df2af8eb42d56 -> 
========================================================================
Received Prepare
Registering precompiled user dll's ...
Registered in 0.015885 seconds.
Begin MonoManager ReloadAssembly
Native extension for WindowsStandalone target not found
Native extension for WebGL target not found
Refreshing native plugins compatible for Editor in 1.14 ms, found 2 plugins.
Preloading 0 native plugins for Editor in 0.00 ms.
Mono: successfully reloaded assembly
- Completed reload, in  2.129 seconds
Platform modules already initialized, skipping
Refreshing native plugins compatible for Editor in 1.37 ms, found 2 plugins.
Preloading 0 native plugins for Editor in 0.00 ms.
Unloading 1944 Unused Serialized files (Serialized files now loaded: 0)
System memory in use before: 83.5 MB.
System memory in use after: 83.6 MB.

Unloading 49 unused Assets to reduce memory usage. Loaded Objects now: 2395.
Total: 10.290200 ms (FindLiveObjects: 0.262700 ms CreateObjectMapping: 0.054700 ms MarkObjects: 9.925700 ms  DeleteObjects: 0.043900 ms)

AssetImportParameters requested are different than current active one (requested -> active):
  custom:framework-win-MediaFoundation: 216162199b28c13a410421893ffa2e32 -> 
  custom:video-decoder-ogg-theora: a1e56fd34408186e4bbccfd4996cb3dc -> 
  custom:container-muxer-webm: aa71ff27fc2769a1b78a27578f13a17b -> 
  custom:container-demuxer-webm: 4f35f7cbe854078d1ac9338744f61a02 -> 
  custom:container-demuxer-ogg: 62fdf1f143b41e24485cea50d1cbac27 -> 
  custom:video-encoder-webm-vp8: eb34c28f22e8b96e1ab97ce403110664 -> 
  custom:video-decoder-webm-vp8: 9c59270c3fd7afecdb556c50c9e8de78 -> 
  custom:audio-decoder-ogg-vorbis: bf7c407c2cedff20999df2af8eb42d56 -> 
  custom:audio-encoder-webm-vorbis: bf7c407c2cedff20999df2af8eb42d56 -> 
========================================================================
Received Prepare
Registering precompiled user dll's ...
Registered in 0.015343 seconds.
Begin MonoManager ReloadAssembly
Native extension for WindowsStandalone target not found
Native extension for WebGL target not found
Refreshing native plugins compatible for Editor in 1.47 ms, found 2 plugins.
Preloading 0 native plugins for Editor in 0.00 ms.
Mono: successfully reloaded assembly
- Completed reload, in  2.762 seconds
Platform modules already initialized, skipping
Refreshing native plugins compatible for Editor in 1.43 ms, found 2 plugins.
Preloading 0 native plugins for Editor in 0.00 ms.
Unloading 1944 Unused Serialized files (Serialized files now loaded: 0)
System memory in use before: 83.5 MB.
System memory in use after: 83.6 MB.

Unloading 49 unused Assets to reduce memory usage. Loaded Objects now: 2398.
Total: 12.707800 ms (FindLiveObjects: 0.360400 ms CreateObjectMapping: 0.162300 ms MarkObjects: 12.122700 ms  DeleteObjects: 0.059000 ms)

AssetImportParameters requested are different than current active one (requested -> active):
  custom:framework-win-MediaFoundation: 216162199b28c13a410421893ffa2e32 -> 
  custom:video-decoder-ogg-theora: a1e56fd34408186e4bbccfd4996cb3dc -> 
  custom:container-muxer-webm: aa71ff27fc2769a1b78a27578f13a17b -> 
  custom:container-demuxer-webm: 4f35f7cbe854078d1ac9338744f61a02 -> 
  custom:container-demuxer-ogg: 62fdf1f143b41e24485cea50d1cbac27 -> 
  custom:video-encoder-webm-vp8: eb34c28f22e8b96e1ab97ce403110664 -> 
  custom:video-decoder-webm-vp8: 9c59270c3fd7afecdb556c50c9e8de78 -> 
  custom:audio-decoder-ogg-vorbis: bf7c407c2cedff20999df2af8eb42d56 -> 
  custom:audio-encoder-webm-vorbis: bf7c407c2cedff20999df2af8eb42d56 -> 
========================================================================
Received Import Request.
  Time since last request: 388.911077 seconds.
  path: Assets/Prefab/Spike.prefab
  artifactKey: Guid(624426ba70c9a02438b7fc43f6f5c654) Importer(815301076,1909f56bfc062723c751e8b465ee728b)
Start importing Assets/Prefab/Spike.prefab using Guid(624426ba70c9a02438b7fc43f6f5c654) Importer(815301076,1909f56bfc062723c751e8b465ee728b)  -> (artifact id: '21edb310da6ab0b893e51c55402978f1') in 0.136901 seconds 
  Import took 0.158090 seconds .

========================================================================
Received Import Request.
  Time since last request: 44.271319 seconds.
  path: Assets/Prefab/Ground Template 1 1.prefab
  artifactKey: Guid(34ac4115de754fb4d970359103b7ca4d) Importer(815301076,1909f56bfc062723c751e8b465ee728b)
Start importing Assets/Prefab/Ground Template 1 1.prefab using Guid(34ac4115de754fb4d970359103b7ca4d) Importer(815301076,1909f56bfc062723c751e8b465ee728b)  -> (artifact id: '7c5ffacfc5007964d69ba2de843d214e') in 0.047040 seconds 
  Import took 0.128907 seconds .

========================================================================
Received Import Request.
  Time since last request: 0.019124 seconds.
  path: Assets/Prefab/Ground Template 1 1.prefab
  artifactKey: Guid(34ac4115de754fb4d970359103b7ca4d) Importer(815301076,1909f56bfc062723c751e8b465ee728b)
Start importing Assets/Prefab/Ground Template 1 1.prefab using Guid(34ac4115de754fb4d970359103b7ca4d) Importer(815301076,1909f56bfc062723c751e8b465ee728b)  -> (artifact id: '7c5ffacfc5007964d69ba2de843d214e') in 0.027644 seconds 
  Import took 0.033982 seconds .

========================================================================
Received Import Request.
  Time since last request: 12.471816 seconds.
  path: Assets/Prefab/Ground Template 4.prefab
  artifactKey: Guid(34ac4115de754fb4d970359103b7ca4d) Importer(815301076,1909f56bfc062723c751e8b465ee728b)
Start importing Assets/Prefab/Ground Template 4.prefab using Guid(34ac4115de754fb4d970359103b7ca4d) Importer(815301076,1909f56bfc062723c751e8b465ee728b)  -> (artifact id: 'c8f163d4b54eb16c16928af84ede0fdd') in 0.027869 seconds 
  Import took 0.058078 seconds .

========================================================================
Received Import Request.
  Time since last request: 0.002239 seconds.
  path: Assets/Prefab/Ground Template 4.prefab
  artifactKey: Guid(34ac4115de754fb4d970359103b7ca4d) Importer(815301076,1909f56bfc062723c751e8b465ee728b)
Start importing Assets/Prefab/Ground Template 4.prefab using Guid(34ac4115de754fb4d970359103b7ca4d) Importer(815301076,1909f56bfc062723c751e8b465ee728b)  -> (artifact id: 'c8f163d4b54eb16c16928af84ede0fdd') in 0.026989 seconds 
  Import took 0.034605 seconds .

========================================================================
Received Prepare
Registering precompiled user dll's ...
Registered in 0.019793 seconds.
Begin MonoManager ReloadAssembly
Native extension for WindowsStandalone target not found
Native extension for WebGL target not found
Refreshing native plugins compatible for Editor in 0.97 ms, found 2 plugins.
Preloading 0 native plugins for Editor in 0.00 ms.
Mono: successfully reloaded assembly
- Completed reload, in  2.364 seconds
Platform modules already initialized, skipping
Refreshing native plugins compatible for Editor in 1.21 ms, found 2 plugins.
Preloading 0 native plugins for Editor in 0.00 ms.
Unloading 1944 Unused Serialized files (Serialized files now loaded: 0)
System memory in use before: 83.5 MB.
System memory in use after: 83.7 MB.

Unloading 49 unused Assets to reduce memory usage. Loaded Objects now: 2402.
Total: 9.987600 ms (FindLiveObjects: 0.339900 ms CreateObjectMapping: 0.098000 ms MarkObjects: 9.492200 ms  DeleteObjects: 0.055000 ms)

AssetImportParameters requested are different than current active one (requested -> active):
  custom:framework-win-MediaFoundation: 216162199b28c13a410421893ffa2e32 -> 
  custom:video-decoder-ogg-theora: a1e56fd34408186e4bbccfd4996cb3dc -> 
  custom:container-muxer-webm: aa71ff27fc2769a1b78a27578f13a17b -> 
  custom:container-demuxer-webm: 4f35f7cbe854078d1ac9338744f61a02 -> 
  custom:container-demuxer-ogg: 62fdf1f143b41e24485cea50d1cbac27 -> 
  custom:video-encoder-webm-vp8: eb34c28f22e8b96e1ab97ce403110664 -> 
  custom:video-decoder-webm-vp8: 9c59270c3fd7afecdb556c50c9e8de78 -> 
  custom:audio-decoder-ogg-vorbis: bf7c407c2cedff20999df2af8eb42d56 -> 
  custom:audio-encoder-webm-vorbis: bf7c407c2cedff20999df2af8eb42d56 -> 
========================================================================
Received Import Request.
  Time since last request: 730.713340 seconds.
  path: Assets/Scripts/CharacterMoveController.cs
  artifactKey: Guid(5617fe9a30696564fb3b9d376e01c188) Importer(815301076,1909f56bfc062723c751e8b465ee728b)
Start importing Assets/Scripts/CharacterMoveController.cs using Guid(5617fe9a30696564fb3b9d376e01c188) Importer(815301076,1909f56bfc062723c751e8b465ee728b)  -> (artifact id: '4137c07b6f19e0cd6d0f2931deb1c251') in 0.394138 seconds 
  Import took 0.423681 seconds .

========================================================================
Received Import Request.
  Time since last request: 6.103818 seconds.
  path: Assets/Prefab/Ground Template 4.prefab
  artifactKey: Guid(34ac4115de754fb4d970359103b7ca4d) Importer(815301076,1909f56bfc062723c751e8b465ee728b)
Start importing Assets/Prefab/Ground Template 4.prefab using Guid(34ac4115de754fb4d970359103b7ca4d) Importer(815301076,1909f56bfc062723c751e8b465ee728b)  -> (artifact id: '74d02b9e475a8855e951638b52d47c29') in 0.151460 seconds 
  Import took 0.248807 seconds .

========================================================================
Received Import Request.
  Time since last request: 14.916370 seconds.
  path: Assets/Prefab/Trigger.prefab
  artifactKey: Guid(623ef2c0065330c498eab14c672857af) Importer(815301076,1909f56bfc062723c751e8b465ee728b)
Start importing Assets/Prefab/Trigger.prefab using Guid(623ef2c0065330c498eab14c672857af) Importer(815301076,1909f56bfc062723c751e8b465ee728b)  -> (artifact id: 'dae712f9d03eafb9941150d2751b1c79') in 0.017734 seconds 
  Import took 0.043347 seconds .

========================================================================
Received Import Request.
  Time since last request: 0.030236 seconds.
  path: Assets/Prefab/Ground Template 4.prefab
  artifactKey: Guid(34ac4115de754fb4d970359103b7ca4d) Importer(815301076,1909f56bfc062723c751e8b465ee728b)
Start importing Assets/Prefab/Ground Template 4.prefab using Guid(34ac4115de754fb4d970359103b7ca4d) Importer(815301076,1909f56bfc062723c751e8b465ee728b)  -> (artifact id: 'd27d78c5313808ac35b1ceddf62b9773') in 0.031187 seconds 
  Import took 0.083015 seconds .

========================================================================
Received Prepare
Registering precompiled user dll's ...
Registered in 0.019795 seconds.
Begin MonoManager ReloadAssembly
Native extension for WindowsStandalone target not found
Native extension for WebGL target not found
Refreshing native plugins compatible for Editor in 1.50 ms, found 2 plugins.
Preloading 0 native plugins for Editor in 0.00 ms.
Mono: successfully reloaded assembly
- Completed reload, in  2.492 seconds
Platform modules already initialized, skipping
Refreshing native plugins compatible for Editor in 1.53 ms, found 2 plugins.
Preloading 0 native plugins for Editor in 0.00 ms.
Unloading 1944 Unused Serialized files (Serialized files now loaded: 0)
System memory in use before: 83.6 MB.
System memory in use after: 83.7 MB.

Unloading 49 unused Assets to reduce memory usage. Loaded Objects now: 2406.
Total: 12.894000 ms (FindLiveObjects: 0.575100 ms CreateObjectMapping: 0.208900 ms MarkObjects: 12.030600 ms  DeleteObjects: 0.075500 ms)

AssetImportParameters requested are different than current active one (requested -> active):
  custom:framework-win-MediaFoundation: 216162199b28c13a410421893ffa2e32 -> 
  custom:video-decoder-ogg-theora: a1e56fd34408186e4bbccfd4996cb3dc -> 
  custom:container-muxer-webm: aa71ff27fc2769a1b78a27578f13a17b -> 
  custom:container-demuxer-webm: 4f35f7cbe854078d1ac9338744f61a02 -> 
  custom:container-demuxer-ogg: 62fdf1f143b41e24485cea50d1cbac27 -> 
  custom:video-encoder-webm-vp8: eb34c28f22e8b96e1ab97ce403110664 -> 
  custom:video-decoder-webm-vp8: 9c59270c3fd7afecdb556c50c9e8de78 -> 
  custom:audio-decoder-ogg-vorbis: bf7c407c2cedff20999df2af8eb42d56 -> 
  custom:audio-encoder-webm-vorbis: bf7c407c2cedff20999df2af8eb42d56 -> 
AssetImportWorkerClient::OnTransportError - code=2 error=End of file
